<?xml version="1.0" encoding="UTF-8"?>
<!-- Generated by org.testng.reporters.JUnitReportReporter -->
<testsuite hostname="SUFIYANSIDEAPAD" failures="0" tests="6" name="Test_Aliexpress.Test" time="42.442" errors="0" timestamp="2025-05-06T19:07:10 IST" skipped="0">
  <testcase classname="Test_Aliexpress.Test" name="Registration_test" time="2.176"/>
  <testcase classname="Test_Aliexpress.Test" name="productpage" time="6.314"/>
  <testcase classname="Test_Aliexpress.Test" name="product2" time="6.520"/>
  <testcase classname="Test_Aliexpress.Test" name="shippingdetails" time="14.324"/>
  <testcase classname="Test_Aliexpress.Test" name="cartpage" time="5.615"/>
  <testcase classname="Test_Aliexpress.Test" name="sellerregisteration" time="7.493"/>
</testsuite> <!-- Test_Aliexpress.Test -->
