<?xml version="1.0" encoding="UTF-8"?>
<!-- Generated by org.testng.reporters.JUnitReportReporter -->
<testsuite hostname="SUFIYANSIDEAPAD" failures="0" tests="6" name="Test_Aliexpress.Test" time="62.853" errors="0" timestamp="2025-05-09T14:41:50 IST" skipped="0">
  <testcase classname="Test_Aliexpress.Test" name="Registration_test" time="3.730"/>
  <testcase classname="Test_Aliexpress.Test" name="productpage" time="12.116"/>
  <testcase classname="Test_Aliexpress.Test" name="product2" time="10.821"/>
  <testcase classname="Test_Aliexpress.Test" name="shippingdetails" time="7.394"/>
  <testcase classname="Test_Aliexpress.Test" name="cartpage" time="15.347"/>
  <testcase classname="Test_Aliexpress.Test" name="sellerregisteration" time="13.445"/>
</testsuite> <!-- Test_Aliexpress.Test -->
